生成启动时间为 2018/1/11 20:33:42。
     1>项目“E:\VS2013_Project\hsp\hsegment\hsegment.vcxproj”在节点 2 上(Build 个目标)。
     1>ClCompile:
         D:\Program Files (x86)\Microsoft Visual Studio 12.0\VC\bin\x86_amd64\CL.exe /c /I"C:\Program Files\NVIDIA GPU Computing Toolkit\CUDA\v7.5\include" /Zi /nologo /W3 /WX- /sdl /O2 /Oi /GL /D _CRT_SECURE_NO_WARNINGS /D _MBCS /Gm- /EHsc /MT /GS /Gy /fp:precise /Zc:wchar_t /Zc:forScope /openmp /Fo"x64\Release\\" /Fd"x64\Release\vc120.pdb" /Gd /TP /errorReport:prompt hsp.cpp main.cpp
         hsp.cpp
     1>D:\opencv4\build\include\opencv2/core/mat.hpp(1413): warning C4819: 该文件包含不能在当前代码页(936)中表示的字符。请将该文件保存为 Unicode 格式以防止数据丢失
     1>e:\vs2013_project\hsp\hsegment\dt.h(17): warning C4305: “=”: 从“double”到“float”截断
     1>e:\vs2013_project\hsp\hsegment\dt.h(18): warning C4305: “=”: 从“double”到“float”截断
     1>e:\vs2013_project\hsp\hsegment\dt.h(28): warning C4305: “=”: 从“double”到“float”截断
     1>hsp.cpp(51): warning C4244: “/=”: 从“double”转换到“uchar”，可能丢失数据
     1>hsp.cpp(76): warning C4244: “=”: 从“double”转换到“int”，可能丢失数据
     1>hsp.cpp(77): warning C4244: “=”: 从“double”转换到“int”，可能丢失数据
     1>hsp.cpp(78): warning C4244: “初始化”: 从“const double”转换到“int”，可能丢失数据
     1>hsp.cpp(82): warning C4244: “=”: 从“const double”转换到“int”，可能丢失数据
     1>hsp.cpp(84): warning C4244: “初始化”: 从“const double”转换到“int”，可能丢失数据
     1>hsp.cpp(88): warning C4244: “=”: 从“const double”转换到“int”，可能丢失数据
     1>hsp.cpp(95): warning C4244: “初始化”: 从“const double”转换到“int”，可能丢失数据
     1>hsp.cpp(96): warning C4244: “初始化”: 从“const double”转换到“int”，可能丢失数据
     1>hsp.cpp(105): warning C4244: “初始化”: 从“const double”转换到“int”，可能丢失数据
     1>hsp.cpp(106): warning C4244: “初始化”: 从“const double”转换到“int”，可能丢失数据
     1>hsp.cpp(107): warning C4244: “初始化”: 从“const double”转换到“int”，可能丢失数据
     1>hsp.cpp(108): warning C4244: “初始化”: 从“const double”转换到“int”，可能丢失数据
     1>hsp.cpp(419): warning C4244: “初始化”: 从“double”转换到“const int”，可能丢失数据
     1>hsp.cpp(420): warning C4244: “初始化”: 从“double”转换到“const int”，可能丢失数据
     1>hsp.cpp(898): warning C4244: “初始化”: 从“double”转换到“const int”，可能丢失数据
     1>hsp.cpp(899): warning C4244: “初始化”: 从“double”转换到“const int”，可能丢失数据
         main.cpp
     1>D:\opencv4\build\include\opencv2/core/mat.hpp(1413): warning C4819: 该文件包含不能在当前代码页(936)中表示的字符。请将该文件保存为 Unicode 格式以防止数据丢失
       Link:
         D:\Program Files (x86)\Microsoft Visual Studio 12.0\VC\bin\x86_amd64\link.exe /ERRORREPORT:PROMPT /OUT:"E:\VS2013_Project\hsp\x64\Release\hsegment.exe" /NOLOGO /LIBPATH:"C:\Program Files\NVIDIA GPU Computing Toolkit\CUDA\v7.5\lib\x64" cudart.lib kernel32.lib user32.lib gdi32.lib winspool.lib comdlg32.lib advapi32.lib shell32.lib ole32.lib oleaut32.lib uuid.lib odbc32.lib odbccp32.lib /MANIFEST /MANIFESTUAC:"level='asInvoker' uiAccess='false'" /manifest:embed /DEBUG /PDB:"E:\VS2013_Project\hsp\x64\Release\hsegment.pdb" /OPT:REF /OPT:ICF /LTCG /TLBID:1 /DYNAMICBASE /NXCOMPAT /IMPLIB:"E:\VS2013_Project\hsp\x64\Release\hsegment.lib" /MACHINE:X64 x64\Release\segment.cu.obj
         x64\Release\AllBench.obj
         x64\Release\BoundaryBench.obj
         x64\Release\RegionBench.obj
         x64\Release\correspondPixels.obj
         x64\Release\csa.obj
         x64\Release\Exception.obj
         x64\Release\kofn.obj
         x64\Release\match.obj
         x64\Release\Matrix.obj
         x64\Release\Random.obj
         x64\Release\String.obj
         x64\Release\Utils.obj
         x64\Release\CmFile.obj
         x64\Release\hsp.obj
         x64\Release\main.obj
         正在生成代码
         已完成代码的生成
         hsegment.vcxproj -> E:\VS2013_Project\hsp\x64\Release\hsegment.exe
     1>已完成生成项目“E:\VS2013_Project\hsp\hsegment\hsegment.vcxproj”(Build 个目标)的操作。

生成成功。

已用时间 00:00:04.25
