e:\vs2013_project\hsp\hsegment\x64\release\vc120.pdb
e:\vs2013_project\hsp\hsegment\x64\release\main.obj
e:\vs2013_project\hsp\hsegment\x64\release\hsp.obj
e:\vs2013_project\hsp\hsegment\x64\release\cmfile.obj
e:\vs2013_project\hsp\hsegment\x64\release\utils.obj
e:\vs2013_project\hsp\hsegment\x64\release\string.obj
e:\vs2013_project\hsp\hsegment\x64\release\random.obj
e:\vs2013_project\hsp\hsegment\x64\release\matrix.obj
e:\vs2013_project\hsp\hsegment\x64\release\match.obj
e:\vs2013_project\hsp\hsegment\x64\release\kofn.obj
e:\vs2013_project\hsp\hsegment\x64\release\exception.obj
e:\vs2013_project\hsp\hsegment\x64\release\csa.obj
e:\vs2013_project\hsp\hsegment\x64\release\correspondpixels.obj
e:\vs2013_project\hsp\hsegment\x64\release\regionbench.obj
e:\vs2013_project\hsp\hsegment\x64\release\boundarybench.obj
e:\vs2013_project\hsp\hsegment\x64\release\allbench.obj
e:\vs2013_project\hsp\hsegment\x64\release\segment.cu.cache
e:\vs2013_project\hsp\hsegment\x64\release\segment.cu.obj
e:\vs2013_project\hsp\x64\release\hsegment.pdb
e:\vs2013_project\hsp\hsegment\x64\release\hsegment.tlog\cl.command.1.tlog
e:\vs2013_project\hsp\hsegment\x64\release\hsegment.tlog\cl.read.1.tlog
e:\vs2013_project\hsp\hsegment\x64\release\hsegment.tlog\cl.write.1.tlog
e:\vs2013_project\hsp\hsegment\x64\release\hsegment.tlog\link.command.1.tlog
e:\vs2013_project\hsp\hsegment\x64\release\hsegment.tlog\link.read.1.tlog
e:\vs2013_project\hsp\hsegment\x64\release\hsegment.tlog\link.write.1.tlog
